ParseStarterProject/build/outputs/logs/manifest-merger-debug-report.txt
-- Merging decision tree log ---
manifest
ADDED from Mentor/ParseStarterProject/AndroidManifest.xml:2:1-57:12
	xmlns:android
		ADDED from Mentor/ParseStarterProject/AndroidManifest.xml:2:11-69
	package
		ADDED from Mentor/ParseStarterProject/AndroidManifest.xml:3:5-32
	android:versionName
		ADDED from Mentor/ParseStarterProject/AndroidManifest.xml:5:5-30
	android:versionCode
		ADDED from Mentor/ParseStarterProject/AndroidManifest.xml:4:5-28
		INJECTED from Mentor/ParseStarterProject/AndroidManifest.xml
		INJECTED from Mentor/ParseStarterProject/AndroidManifest.xml
uses-sdk
ADDED from Mentor/ParseStarterProject/AndroidManifest.xml:7:5-73
MERGED from [com.romainpiel.shimmer:library:1.4.0] AndroidManifest.xml:7:5-9:41
	android:targetSdkVersion
		ADDED from Mentor/ParseStarterProject/AndroidManifest.xml:7:42-71
		INJECTED from Mentor/ParseStarterProject/AndroidManifest.xml
		INJECTED from Mentor/ParseStarterProject/AndroidManifest.xml
	android:minSdkVersion
		ADDED from Mentor/ParseStarterProject/AndroidManifest.xml:7:15-41
		INJECTED from Mentor/ParseStarterProject/AndroidManifest.xml
		INJECTED from Mentor/ParseStarterProject/AndroidManifest.xml
uses-permission#android.permission.INTERNET
ADDED from Mentor/ParseStarterProject/AndroidManifest.xml:9:5-67
	android:name
		ADDED from Mentor/ParseStarterProject/AndroidManifest.xml:9:22-64
uses-permission#android.permission.ACCESS_NETWORK_STATE
ADDED from Mentor/ParseStarterProject/AndroidManifest.xml:10:5-79
	android:name
		ADDED from Mentor/ParseStarterProject/AndroidManifest.xml:10:22-76
application
ADDED from Mentor/ParseStarterProject/AndroidManifest.xml:12:5-51:19
MERGED from [com.romainpiel.shimmer:library:1.4.0] AndroidManifest.xml:11:5-20
	android:label
		ADDED from Mentor/ParseStarterProject/AndroidManifest.xml:15:9-41
	android:allowBackup
		ADDED from Mentor/ParseStarterProject/AndroidManifest.xml:16:9-35
	android:icon
		ADDED from Mentor/ParseStarterProject/AndroidManifest.xml:14:9-40
	android:name
		ADDED from Mentor/ParseStarterProject/AndroidManifest.xml:13:9-41
meta-data#com.parse.APPLICATION_ID
ADDED from Mentor/ParseStarterProject/AndroidManifest.xml:17:9-19:52
	android:name
		ADDED from Mentor/ParseStarterProject/AndroidManifest.xml:18:13-52
	android:value
		ADDED from Mentor/ParseStarterProject/AndroidManifest.xml:19:13-49
meta-data#com.parse.CLIENT_KEY
ADDED from Mentor/ParseStarterProject/AndroidManifest.xml:20:9-22:56
	android:name
		ADDED from Mentor/ParseStarterProject/AndroidManifest.xml:21:13-48
	android:value
		ADDED from Mentor/ParseStarterProject/AndroidManifest.xml:22:13-53
activity#com.parse.starter.ParseStarterProjectActivity
ADDED from Mentor/ParseStarterProject/AndroidManifest.xml:24:9-32:20
	android:label
		ADDED from Mentor/ParseStarterProject/AndroidManifest.xml:26:13-45
	android:name
		ADDED from Mentor/ParseStarterProject/AndroidManifest.xml:25:13-56
intent-filter#android.intent.action.MAIN+android.intent.category.LAUNCHER
ADDED from Mentor/ParseStarterProject/AndroidManifest.xml:27:13-31:29
action#android.intent.action.MAIN
ADDED from Mentor/ParseStarterProject/AndroidManifest.xml:28:17-69
	android:name
		ADDED from Mentor/ParseStarterProject/AndroidManifest.xml:28:25-66
category#android.intent.category.LAUNCHER
ADDED from Mentor/ParseStarterProject/AndroidManifest.xml:30:17-77
	android:name
		ADDED from Mentor/ParseStarterProject/AndroidManifest.xml:30:27-74
activity#com.parse.starter.LoginSignupActivity
ADDED from Mentor/ParseStarterProject/AndroidManifest.xml:33:9-36:20
	android:label
		ADDED from Mentor/ParseStarterProject/AndroidManifest.xml:35:13-45
	android:name
		ADDED from Mentor/ParseStarterProject/AndroidManifest.xml:34:13-48
activity#com.parse.starter.Welcome
ADDED from Mentor/ParseStarterProject/AndroidManifest.xml:37:9-40:20
	android:label
		ADDED from Mentor/ParseStarterProject/AndroidManifest.xml:39:13-45
	android:name
		ADDED from Mentor/ParseStarterProject/AndroidManifest.xml:38:13-36
activity#com.parse.starter.Swelcome
ADDED from Mentor/ParseStarterProject/AndroidManifest.xml:42:9-45:20
	android:label
		ADDED from Mentor/ParseStarterProject/AndroidManifest.xml:44:13-45
	android:name
		ADDED from Mentor/ParseStarterProject/AndroidManifest.xml:43:13-37
activity#com.parse.starter.Personal
ADDED from Mentor/ParseStarterProject/AndroidManifest.xml:47:9-50:20
	android:label
		ADDED from Mentor/ParseStarterProject/AndroidManifest.xml:49:13-45
	android:name
		ADDED from Mentor/ParseStarterProject/AndroidManifest.xml:48:13-37
uses-permission#android.permission.WRITE_EXTERNAL_STORAGE
ADDED from Mentor/ParseStarterProject/AndroidManifest.xml:52:5-81
	android:name
		ADDED from Mentor/ParseStarterProject/AndroidManifest.xml:52:22-78
uses-permission#android.permission.CAMERA
ADDED from Mentor/ParseStarterProject/AndroidManifest.xml:54:5-65
	android:name
		ADDED from Mentor/ParseStarterProject/AndroidManifest.xml:54:22-62
uses-feature#android.hardware.camera
ADDED from Mentor/ParseStarterProject/AndroidManifest.xml:56:5-73
	android:name
		ADDED from Mentor/ParseStarterProject/AndroidManifest.xml:56:19-57